<?xml version="1.0" encoding="UTF-8"?>
<!-- Generated by org.testng.reporters.JUnitReportReporter -->
<testsuite hostname="TYSS-Yogita" failures="0" tests="1" name="practiceRun.OpenBrowserTest" time="6.321" errors="0" timestamp="02 Feb 2022 11:23:26 GMT" skipped="0">
  <testcase classname="practiceRun.OpenBrowserTest" name="practiceMethod" time="6.321"/>
</testsuite> <!-- practiceRun.OpenBrowserTest -->
